<?xml version="1.0" encoding="UTF-8"?>
<!-- Generated by org.testng.reporters.JUnitReportReporter -->
<testsuite hostname="LAPTOP-6FJLI26U" failures="0" tests="1" name="applicationTests.MobilePriceTest" time="64.826" errors="0" timestamp="2020-05-22T16:11:13 IST" skipped="0">
  <testcase classname="applicationTests.MobilePriceTest" name="comparePrice" time="64.826"/>
  <system-out/>
</testsuite> <!-- applicationTests.MobilePriceTest -->
